[16:27:56] [main/INFO] (FabricLoader/GameProvider) Loading Minecraft 1.18.2 with Fabric Loader 0.15.11
[16:27:56] [main/INFO] (FabricLoader) Loading 58 mods:
	- architectury 4.12.94
	- fabric-api 0.77.0+1.18.2
	- fabric-api-base 0.4.5+64b7c69360
	- fabric-api-lookup-api-v1 1.6.3+2373a54560
	- fabric-biome-api-v1 8.0.7+e83becad60
	- fabric-block-api-v1 1.0.0+ee3621fc60
	- fabric-blockrenderlayer-v1 1.1.13+3ac43d9560
	- fabric-command-api-v1 1.1.10+d7c144a860
	- fabric-commands-v0 0.2.9+b4f4f6cd60
	- fabric-containers-v0 0.1.24+d7c144a860
	- fabric-content-registries-v0 3.1.3+c85f2e3860
	- fabric-convention-tags-v1 1.1.0+43ce63a460
	- fabric-crash-report-info-v1 0.2.1+ee261a3e60
	- fabric-data-generation-api-v1 3.1.0+6c70b68e60
	- fabric-dimensions-v1 2.1.21+489d6f8260
	- fabric-entity-events-v1 1.4.9+d7c144a860
	- fabric-events-interaction-v0 0.4.20+d7c144a860
	- fabric-events-lifecycle-v0 0.2.22+d7c144a860
	- fabric-game-rule-api-v1 1.0.13+d7c144a860
	- fabric-gametest-api-v1 1.0.21+91b7aa6660
	- fabric-item-api-v1 1.6.2+8165403660
	- fabric-item-groups-v0 0.3.16+91896a4960
	- fabric-key-binding-api-v1 1.0.12+54e5b2ec60
	- fabric-keybindings-v0 0.2.10+b4f4f6cd60
	- fabric-lifecycle-events-v1 2.1.1+cc71601c60
	- fabric-loot-api-v2 1.1.2+1997ad1260
	- fabric-loot-tables-v1 1.1.4+e747827960
	- fabric-mining-level-api-v1 2.1.6+cc71601c60
	- fabric-models-v0 0.3.7+d7c144a860
	- fabric-networking-api-v1 1.0.24+2d30af4b60
	- fabric-networking-v0 0.3.11+b4f4f6cd60
	- fabric-object-builder-api-v1 2.1.5+032c981d60
	- fabric-particles-v1 0.2.13+526dc1ac60
	- fabric-registry-sync-v0 0.9.12+bb2e047760
	- fabric-renderer-api-v1 0.5.0+bf48649860
	- fabric-renderer-indigo 0.6.1+03e2b68760
	- fabric-renderer-registries-v1 3.2.13+b4f4f6cd60
	- fabric-rendering-data-attachment-v1 0.3.9+ee3621fc60
	- fabric-rendering-fluids-v1 2.0.3+54e5b2ec60
	- fabric-rendering-v0 1.1.15+b4f4f6cd60
	- fabric-rendering-v1 1.11.0+b7f3cf3460
	- fabric-resource-conditions-api-v1 2.0.3+91b7aa6660
	- fabric-resource-loader-v0 0.5.3+047a5ecb60
	- fabric-screen-api-v1 1.0.11+d882b91560
	- fabric-screen-handler-api-v1 1.2.3+1f6558e860
	- fabric-textures-v0 1.0.13+3ac43d9560
	- fabric-transfer-api-v1 1.6.4+f4563ac860
	- fabric-transitive-access-wideners-v1 1.1.0+e747827960
	- fabricloader 0.15.11
	- forgeconfigapiport 3.2.4
	   |-- com_electronwill_night-config_core 3.6.5
	   \-- com_electronwill_night-config_toml 3.6.5
	- gitdminingdim 0.0.1-1.18.x
	- java 17
	- minecraft 1.18.2
	- scannable 1.7.7
	   \-- team_reborn_energy 2.2.0
	- tooltipfix 1.0.4-1.18
[16:27:59] [main/INFO] (FabricLoader/Mixin) SpongePowered MIXIN Subsystem Version=0.8.5 Source=file:/home/red/.gradle/caches/modules-2/files-2.1/net.fabricmc/sponge-mixin/0.13.3+mixin.0.8.5/9527e6b0d2449408958fd1302594dc65ec5ade9c/sponge-mixin-0.13.3+mixin.0.8.5.jar Service=Knot/Fabric Env=CLIENT
[16:28:00] [main/INFO] (FabricLoader/Mixin) Loaded Fabric development mappings for mixin remapper!
[16:28:00] [main/INFO] (FabricLoader/Mixin) Compatibility level set to JAVA_16
[16:28:00] [main/INFO] (FabricLoader/Mixin) Compatibility level set to JAVA_17
[16:28:08] [Render thread/INFO] (Minecraft) Environment: authHost='https://authserver.mojang.com', accountsHost='https://api.mojang.com', sessionHost='https://sessionserver.mojang.com', servicesHost='https://api.minecraftservices.com', name='PROD'
[16:28:08] [Render thread/ERROR] (Minecraft) Failed to verify authentication
com.mojang.authlib.exceptions.InvalidCredentialsException: Status: 401
	at com.mojang.authlib.exceptions.MinecraftClientHttpException.toAuthenticationException(MinecraftClientHttpException.java:56) ~[authlib-3.3.39.jar:?]
	at com.mojang.authlib.yggdrasil.YggdrasilUserApiService.fetchProperties(YggdrasilUserApiService.java:132) ~[authlib-3.3.39.jar:?]
	at com.mojang.authlib.yggdrasil.YggdrasilUserApiService.<init>(YggdrasilUserApiService.java:44) ~[authlib-3.3.39.jar:?]
	at com.mojang.authlib.yggdrasil.YggdrasilAuthenticationService.createUserApiService(YggdrasilAuthenticationService.java:153) ~[authlib-3.3.39.jar:?]
	at net.minecraft.client.MinecraftClient.createUserApiService(MinecraftClient.java:680) [minecraft-project-@-merged-named.jar:?]
	at net.minecraft.client.MinecraftClient.<init>(MinecraftClient.java:424) [minecraft-project-@-merged-named.jar:?]
	at net.minecraft.client.main.Main.main(Main.java:197) [minecraft-project-@-merged-named.jar:?]
	at net.fabricmc.loader.impl.game.minecraft.MinecraftGameProvider.launch(MinecraftGameProvider.java:470) [fabric-loader-0.15.11.jar:?]
	at net.fabricmc.loader.impl.launch.knot.Knot.launch(Knot.java:74) [fabric-loader-0.15.11.jar:?]
	at net.fabricmc.loader.impl.launch.knot.KnotClient.main(KnotClient.java:23) [fabric-loader-0.15.11.jar:?]
	at net.fabricmc.devlaunchinjector.Main.main(Main.java:86) [dev-launch-injector-0.2.1+build.8.jar:?]
Caused by: com.mojang.authlib.exceptions.MinecraftClientHttpException: Status: 401
	at com.mojang.authlib.minecraft.client.MinecraftClient.readInputStream(MinecraftClient.java:78) ~[authlib-3.3.39.jar:?]
	at com.mojang.authlib.minecraft.client.MinecraftClient.get(MinecraftClient.java:48) ~[authlib-3.3.39.jar:?]
	at com.mojang.authlib.yggdrasil.YggdrasilUserApiService.fetchProperties(YggdrasilUserApiService.java:113) ~[authlib-3.3.39.jar:?]
	... 9 more
[16:28:08] [Render thread/INFO] (Minecraft) Setting user: Player799
[16:28:09] [Render thread/WARN] (ForgeConfigSpec) Configuration file /home/red/Games/personal modding projects/miningdim-fabric/run/config/scannable-client.toml is not correct. Correcting
[16:28:09] [Render thread/WARN] (ForgeConfigSpec) Incorrect key blockColors was corrected from null to its default, []. 
[16:28:09] [Render thread/WARN] (ForgeConfigSpec) Incorrect key blockTagColors was corrected from null to its default, [c:diamond_ores=0x5cdbd5, c:gold_ores=0xfaee4d, c:iron_ores=0x664c33, c:nickel_ores=0x6699d8, c:tin_ores=0x4c7f99, c:coal_ores=0x4c4c4c, c:lead_ores=0x4c3e5c, c:redstone_ores=0x993333, c:copper_ores=0x9f5224, c:platinum_ores=0xd1b1a1, c:silver_ores=0x999999, c:quartz_ores=0xfffcf5, c:emerald_ores=0xd93a, c:lapis_ores=0x4a80ff]. 
[16:28:09] [Render thread/WARN] (ForgeConfigSpec) Incorrect key fluidColors was corrected from null to its default, []. 
[16:28:09] [Render thread/WARN] (ForgeConfigSpec) Incorrect key fluidTagColors was corrected from null to its default, [minecraft:lava=0x9f5224, minecraft:water=0x4040ff]. 
[16:28:09] [Render thread/WARN] (ForgeConfigSpec) Configuration file /home/red/Games/personal modding projects/miningdim-fabric/run/config/scannable-common.toml is not correct. Correcting
[16:28:09] [Render thread/WARN] (ForgeConfigSpec) Incorrect key energy was corrected from null to its default, SimpleCommentedConfig:{}. 
[16:28:09] [Render thread/WARN] (ForgeConfigSpec) Incorrect key energy.useEnergy was corrected from null to its default, true. 
[16:28:09] [Render thread/WARN] (ForgeConfigSpec) Incorrect key energy.energyCapacityScanner was corrected from null to its default, 5000. 
[16:28:09] [Render thread/WARN] (ForgeConfigSpec) Incorrect key energy.energyCostModuleRange was corrected from null to its default, 100. 
[16:28:09] [Render thread/WARN] (ForgeConfigSpec) Incorrect key energy.energyCostModuleAnimal was corrected from null to its default, 25. 
[16:28:09] [Render thread/WARN] (ForgeConfigSpec) Incorrect key energy.energyCostModuleMonster was corrected from null to its default, 50. 
[16:28:09] [Render thread/WARN] (ForgeConfigSpec) Incorrect key energy.energyCostModuleOreCommon was corrected from null to its default, 75. 
[16:28:09] [Render thread/WARN] (ForgeConfigSpec) Incorrect key energy.energyCostModuleOreRare was corrected from null to its default, 100. 
[16:28:09] [Render thread/WARN] (ForgeConfigSpec) Incorrect key energy.energyCostModuleBlock was corrected from null to its default, 100. 
[16:28:09] [Render thread/WARN] (ForgeConfigSpec) Incorrect key energy.energyCostModuleFluid was corrected from null to its default, 50. 
[16:28:09] [Render thread/WARN] (ForgeConfigSpec) Incorrect key energy.energyCostModuleEntity was corrected from null to its default, 75. 
[16:28:09] [Render thread/WARN] (ForgeConfigSpec) Incorrect key general was corrected from null to its default, SimpleCommentedConfig:{}. 
[16:28:09] [Render thread/WARN] (ForgeConfigSpec) Incorrect key general.baseScanRadius was corrected from null to its default, 64. 
[16:28:09] [Render thread/WARN] (ForgeConfigSpec) Incorrect key general.scanStayDuration was corrected from null to its default, 10000. 
[16:28:09] [Render thread/WARN] (ForgeConfigSpec) Incorrect key blocks was corrected from null to its default, SimpleCommentedConfig:{}. 
[16:28:09] [Render thread/WARN] (ForgeConfigSpec) Incorrect key blocks.ignoredBlocks was corrected from null to its default, [minecraft:command_block]. 
[16:28:09] [Render thread/WARN] (ForgeConfigSpec) Incorrect key blocks.ignoredBlockTags was corrected from null to its default, []. 
[16:28:09] [Render thread/WARN] (ForgeConfigSpec) Incorrect key ores was corrected from null to its default, SimpleCommentedConfig:{}. 
[16:28:09] [Render thread/WARN] (ForgeConfigSpec) Incorrect key ores.commonOreBlocks was corrected from null to its default, [minecraft:clay]. 
[16:28:09] [Render thread/WARN] (ForgeConfigSpec) Incorrect key ores.commonOreBlockTags was corrected from null to its default, [c:redstone_ores, c:coal_ores, c:iron_ores, c:quartz_ores, c:copper_ores, c:tin_ores]. 
[16:28:09] [Render thread/WARN] (ForgeConfigSpec) Incorrect key ores.rareOreBlocks was corrected from null to its default, [minecraft:glowstone]. 
[16:28:09] [Render thread/WARN] (ForgeConfigSpec) Incorrect key ores.rareOreBlockTags was corrected from null to its default, []. 
[16:28:09] [Render thread/WARN] (ForgeConfigSpec) Incorrect key fluids was corrected from null to its default, SimpleCommentedConfig:{}. 
[16:28:09] [Render thread/WARN] (ForgeConfigSpec) Incorrect key fluids.ignoredFluidTags was corrected from null to its default, []. 
[16:28:09] [Render thread/INFO] (gitdminingdim) Registering Mod Items for miningdim
[16:28:09] [Render thread/INFO] (gitdminingdim) Registering ModBlocks for gitdminingdim
[16:28:09] [Render thread/INFO] (Indigo) [Indigo] Registering Indigo renderer!
[16:28:09] [Render thread/INFO] (NetworkManagerImpl) Registering S2C receiver with id architectury:spawn_entity_packet
[16:28:10] [Render thread/INFO] (Minecraft) Backend library: LWJGL version 3.2.2 build 10
[16:28:11] [Render thread/WARN] (ModNioResourcePack) Fabric NioResourcePack: ignored invalid namespace: MiningDim in mod ID gitdminingdim
[16:28:12] [Render thread/WARN] (Minecraft) ERROR : Couldn't load Narrator library
java.lang.UnsatisfiedLinkError: Unable to load library 'fliteWrapper':
libflite.so.1: cannot open shared object file: No such file or directory
libflite.so.1: cannot open shared object file: No such file or directory
Native library (linux-x86-64/libfliteWrapper.so) not found in resource path (/home/red/Games/personal modding projects/miningdim-fabric/build/classes/java/main:/home/red/Games/personal modding projects/miningdim-fabric/build/resources/main:/home/red/.gradle/caches/fabric-loom/1.18.2/net.fabricmc.yarn.1_18_2.1.18.2+build.4-v2/mappings.jar:/home/red/.gradle/caches/modules-2/files-2.1/org.ow2.asm/asm/9.6/aa205cf0a06dbd8e04ece91c0b37c3f5d567546a/asm-9.6.jar:/home/red/.gradle/caches/modules-2/files-2.1/org.ow2.asm/asm-analysis/9.6/9ce6c7b174bd997fc2552dff47964546bd7a5ec3/asm-analysis-9.6.jar:/home/red/.gradle/caches/modules-2/files-2.1/org.ow2.asm/asm-commons/9.6/f1a9e5508eff490744144565c47326c8648be309/asm-commons-9.6.jar:/home/red/.gradle/caches/modules-2/files-2.1/org.ow2.asm/asm-tree/9.6/c0cdda9d211e965d2a4448aa3fd86110f2f8c2de/asm-tree-9.6.jar:/home/red/.gradle/caches/modules-2/files-2.1/org.ow2.asm/asm-util/9.6/f77caf84eb93786a749b2baa40865b9613e3eaee/asm-util-9.6.jar:/home/red/.gradle/caches/modules-2/files-2.1/net.fabricmc/sponge-mixin/0.13.3+mixin.0.8.5/9527e6b0d2449408958fd1302594dc65ec5ade9c/sponge-mixin-0.13.3+mixin.0.8.5.jar:/home/red/.gradle/caches/modules-2/files-2.1/net.fabricmc/dev-launch-injector/0.2.1+build.8/da8bef7e6e2f952da707f282bdb46882a0fce5e3/dev-launch-injector-0.2.1+build.8.jar:/home/red/.gradle/caches/modules-2/files-2.1/net.minecrell/terminalconsoleappender/1.2.0/96d02cd3b384ff015a8fef4223bcb4ccf1717c95/terminalconsoleappender-1.2.0.jar:/home/red/.gradle/caches/modules-2/files-2.1/com.mojang/patchy/2.2.10/da05971b07cbb379d002cf7eaec6a2048211fefc/patchy-2.2.10.jar:/home/red/.gradle/caches/modules-2/files-2.1/com.mojang/blocklist/1.0.10/5c685c5ffa94c4cd39496c7184c1d122e515ecef/blocklist-1.0.10.jar:/home/red/.gradle/caches/modules-2/files-2.1/com.ibm.icu/icu4j/70.1/dfa3a1fbc55bf5db8c6e79fc0935ac7ab1202950/icu4j-70.1.jar:/home/red/.gradle/caches/modules-2/files-2.1/org.apache.httpcomponents/httpclient/4.5.13/e5f6cae5ca7ecaac1ec2827a9e2d65ae2869cada/httpclient-4.5.13.jar:/home/red/.gradle/caches/modules-2/files-2.1/commons-codec/commons-codec/1.15/49d94806b6e3dc933dacbd8acb0fdbab8ebd1e5d/commons-codec-1.15.jar:/home/red/.gradle/caches/modules-2/files-2.1/org.apache.commons/commons-compress/1.21/4ec95b60d4e86b5c95a0e919cb172a0af98011ef/commons-compress-1.21.jar:/home/red/.gradle/caches/modules-2/files-2.1/commons-logging/commons-logging/1.2/4bfc12adfe4842bf07b657f0369c4cb522955686/commons-logging-1.2.jar:/home/red/.gradle/caches/modules-2/files-2.1/org.apache.httpcomponents/httpcore/4.4.14/9dd1a631c082d92ecd4bd8fd4cf55026c720a8c1/httpcore-4.4.14.jar:/home/red/.gradle/caches/modules-2/files-2.1/org.lwjgl/lwjgl-jemalloc/3.2.2/ee8e57a79300f78294576d87c4a587f8c99402e2/lwjgl-jemalloc-3.2.2.jar:/home/red/.gradle/caches/modules-2/files-2.1/org.lwjgl/lwjgl-openal/3.2.2/2b772a102b0a11ee5f2109a5b136f4dc7c630827/lwjgl-openal-3.2.2.jar:/home/red/.gradle/caches/modules-2/files-2.1/org.lwjgl/lwjgl-opengl/3.2.2/6ac5bb88b44c43ea195a570aab059f63da004cd8/lwjgl-opengl-3.2.2.jar:/home/red/.gradle/caches/modules-2/files-2.1/org.lwjgl/lwjgl-glfw/3.2.2/d3ad4df38e400b8afba1de63f84338809399df5b/lwjgl-glfw-3.2.2.jar:/home/red/.gradle/caches/modules-2/files-2.1/org.lwjgl/lwjgl-stb/3.2.2/3b8e6ebc5851dd3d17e37e5cadce2eff2a429f0f/lwjgl-stb-3.2.2.jar:/home/red/.gradle/caches/modules-2/files-2.1/org.lwjgl/lwjgl-tinyfd/3.2.2/fcbe606c8f8da6f8f9a05e2c540eb1ee8632b0e9/lwjgl-tinyfd-3.2.2.jar:/home/red/.gradle/caches/modules-2/files-2.1/org.lwjgl/lwjgl/3.2.2/8ad6294407e15780b43e84929c40e4c5e997972e/lwjgl-3.2.2.jar:/home/red/.gradle/caches/modules-2/files-2.1/com.mojang/text2speech/1.12.4/1f618f522dbdd93218c270bcfd8f8dd84be31717/text2speech-1.12.4.jar:/home/red/Games/personal modding projects/miningdim-fabric/.gradle/loom-cache/1.18.2/net.fabricmc.yarn.1_18_2.1.18.2+build.4-v2/minecraft-project-@-merged-named.jar:/home/red/.gradle/caches/modules-2/files-2.1/com.mojang/logging/1.0.0/f6ca3b2eee0b80b384e8ed93d368faecb82dfb9b/logging-1.0.0.jar:/home/red/.gradle/caches/modules-2/files-2.1/com.github.oshi/oshi-core/5.8.5/1d0ec654d820741327f5a9229d513732a4b7ce50/oshi-core-5.8.5.jar:/home/red/.gradle/caches/modules-2/files-2.1/net.java.dev.jna/jna-platform/5.10.0/fbed7d9669dba47714ad0d4f4454290a997aee69/jna-platform-5.10.0.jar:/home/red/.gradle/caches/modules-2/files-2.1/ca.weblite/java-objc-bridge/1.0.0/6ef160c3133a78de015830860197602ca1c855d3/java-objc-bridge-1.0.0.jar:/home/red/.gradle/caches/modules-2/files-2.1/net.java.dev.jna/jna/5.10.0/7cf4c87dd802db50721db66947aa237d7ad09418/jna-5.10.0.jar:/home/red/.gradle/caches/modules-2/files-2.1/org.apache.logging.log4j/log4j-slf4j18-impl/2.17.0/bd7f6c0b9224dd214afb4e684957e2349b529a8d/log4j-slf4j18-impl-2.17.0.jar:/home/red/.gradle/caches/modules-2/files-2.1/com.mojang/datafixerupper/4.1.27/a02c43824ce57c3f7a7d7e744f0d99a040398b5/datafixerupper-4.1.27.jar:/home/red/.gradle/caches/modules-2/files-2.1/com.mojang/authlib/3.3.39/289405e70c0917eaeac017f7fba9adb4427baa36/authlib-3.3.39.jar:/home/red/.gradle/caches/modules-2/files-2.1/org.slf4j/slf4j-api/1.8.0-beta4/83b0359d847ee053d745be7ec0d8e9e8a44304b4/slf4j-api-1.8.0-beta4.jar:/home/red/.gradle/caches/modules-2/files-2.1/com.mojang/javabridge/1.2.24/c876796229b2ef5120f186eab5acc870699d3b9/javabridge-1.2.24.jar:/home/red/.gradle/caches/modules-2/files-2.1/net.sf.jopt-simple/jopt-simple/5.0.4/4fdac2fbe92dfad86aa6e9301736f6b4342a3f5c/jopt-simple-5.0.4.jar:/home/red/.gradle/caches/modules-2/files-2.1/io.netty/netty-all/4.1.68.Final/b8266a3c93c1c051109f71d3449e5dcd5d60b333/netty-all-4.1.68.Final.jar:/home/red/.gradle/caches/modules-2/files-2.1/com.google.guava/guava/31.0.1-jre/119ea2b2bc205b138974d351777b20f02b92704b/guava-31.0.1-jre.jar:/home/red/.gradle/caches/modules-2/files-2.1/com.google.guava/failureaccess/1.0.1/1dcf1de382a0bf95a3d8b0849546c88bac1292c9/failureaccess-1.0.1.jar:/home/red/.gradle/caches/modules-2/files-2.1/org.apache.commons/commons-lang3/3.12.0/c6842c86792ff03b9f1d1fe2aab8dc23aa6c6f0e/commons-lang3-3.12.0.jar:/home/red/.gradle/caches/modules-2/files-2.1/commons-io/commons-io/2.11.0/a2503f302b11ebde7ebc3df41daebe0e4eea3689/commons-io-2.11.0.jar:/home/red/.gradle/caches/modules-2/files-2.1/com.mojang/brigadier/1.0.18/c1ef1234282716483c92183f49bef47b1a89bfa9/brigadier-1.0.18.jar:/home/red/.gradle/caches/modules-2/files-2.1/com.google.code.gson/gson/2.8.9/8a432c1d6825781e21a02db2e2c33c5fde2833b9/gson-2.8.9.jar:/home/red/.gradle/caches/modules-2/files-2.1/it.unimi.dsi/fastutil/8.5.6/76f95700418a68fbc4ac050525261f05dc681ca1/fastutil-8.5.6.jar:/home/red/.gradle/caches/modules-2/files-2.1/org.apache.logging.log4j/log4j-core/2.17.0/fe6e7a32c1228884b9691a744f953a55d0dd8ead/log4j-core-2.17.0.jar:/home/red/.gradle/caches/modules-2/files-2.1/org.apache.logging.log4j/log4j-api/2.17.0/bbd791e9c8c9421e45337c4fe0a10851c086e36c/log4j-api-2.17.0.jar:/home/red/Games/personal modding projects/miningdim-fabric/.gradle/loom-cache/remapped_mods/net_fabricmc_yarn_1_18_2_1_18_2_build_4_v2/net/fabricmc/fabric-loader/0.15.11/fabric-loader-0.15.11.jar:/home/red/Games/personal modding projects/miningdim-fabric/.gradle/loom-cache/remapped_mods/net_fabricmc_yarn_1_18_2_1_18_2_build_4_v2/net/fabricmc/fabric-api/fabric-api/0.77.0+1.18.2/fabric-api-0.77.0+1.18.2.jar:/home/red/Games/personal modding projects/miningdim-fabric/.gradle/loom-cache/remapped_mods/net_fabricmc_yarn_1_18_2_1_18_2_build_4_v2/net/fabricmc/fabric-api/fabric-transfer-api-v1/1.6.4+f4563ac860/fabric-transfer-api-v1-1.6.4+f4563ac860.jar:/home/red/Games/personal modding projects/miningdim-fabric/.gradle/loom-cache/remapped_mods/net_fabricmc_yarn_1_18_2_1_18_2_build_4_v2/net/fabricmc/fabric-api/fabric-api-lookup-api-v1/1.6.3+2373a54560/fabric-api-lookup-api-v1-1.6.3+2373a54560.jar:/home/red/Games/personal modding projects/miningdim-fabric/.gradle/loom-cache/remapped_mods/net_fabricmc_yarn_1_18_2_1_18_2_build_4_v2/net/fabricmc/fabric-api/fabric-blockrenderlayer-v1/1.1.13+3ac43d9560/fabric-blockrenderlayer-v1-1.1.13+3ac43d9560.jar:/home/red/Games/personal modding projects/miningdim-fabric/.gradle/loom-cache/remapped_mods/net_fabricmc_yarn_1_18_2_1_18_2_build_4_v2/net/fabricmc/fabric-api/fabric-commands-v0/0.2.9+b4f4f6cd60/fabric-commands-v0-0.2.9+b4f4f6cd60.jar:/home/red/Games/personal modding projects/miningdim-fabric/.gradle/loom-cache/remapped_mods/net_fabricmc_yarn_1_18_2_1_18_2_build_4_v2/net/fabricmc/fabric-api/fabric-command-api-v1/1.1.10+d7c144a860/fabric-command-api-v1-1.1.10+d7c144a860.jar:/home/red/Games/personal modding projects/miningdim-fabric/.gradle/loom-cache/remapped_mods/net_fabricmc_yarn_1_18_2_1_18_2_build_4_v2/net/fabricmc/fabric-api/fabric-containers-v0/0.1.24+d7c144a860/fabric-containers-v0-0.1.24+d7c144a860.jar:/home/red/Games/personal modding projects/miningdim-fabric/.gradle/loom-cache/remapped_mods/net_fabricmc_yarn_1_18_2_1_18_2_build_4_v2/net/fabricmc/fabric-api/fabric-content-registries-v0/3.1.3+c85f2e3860/fabric-content-registries-v0-3.1.3+c85f2e3860.jar:/home/red/Games/personal modding projects/miningdim-fabric/.gradle/loom-cache/remapped_mods/net_fabricmc_yarn_1_18_2_1_18_2_build_4_v2/net/fabricmc/fabric-api/fabric-convention-tags-v1/1.1.0+43ce63a460/fabric-convention-tags-v1-1.1.0+43ce63a460.jar:/home/red/Games/personal modding projects/miningdim-fabric/.gradle/loom-cache/remapped_mods/net_fabricmc_yarn_1_18_2_1_18_2_build_4_v2/net/fabricmc/fabric-api/fabric-data-generation-api-v1/3.1.0+6c70b68e60/fabric-data-generation-api-v1-3.1.0+6c70b68e60.jar:/home/red/Games/personal modding projects/miningdim-fabric/.gradle/loom-cache/remapped_mods/net_fabricmc_yarn_1_18_2_1_18_2_build_4_v2/net/fabricmc/fabric-api/fabric-dimensions-v1/2.1.21+489d6f8260/fabric-dimensions-v1-2.1.21+489d6f8260.jar:/home/red/Games/personal modding projects/miningdim-fabric/.gradle/loom-cache/remapped_mods/net_fabricmc_yarn_1_18_2_1_18_2_build_4_v2/net/fabricmc/fabric-api/fabric-entity-events-v1/1.4.9+d7c144a860/fabric-entity-events-v1-1.4.9+d7c144a860.jar:/home/red/Games/personal modding projects/miningdim-fabric/.gradle/loom-cache/remapped_mods/net_fabricmc_yarn_1_18_2_1_18_2_build_4_v2/net/fabricmc/fabric-api/fabric-events-interaction-v0/0.4.20+d7c144a860/fabric-events-interaction-v0-0.4.20+d7c144a860.jar:/home/red/Games/personal modding projects/miningdim-fabric/.gradle/loom-cache/remapped_mods/net_fabricmc_yarn_1_18_2_1_18_2_build_4_v2/net/fabricmc/fabric-api/fabric-events-lifecycle-v0/0.2.22+d7c144a860/fabric-events-lifecycle-v0-0.2.22+d7c144a860.jar:/home/red/Games/personal modding projects/miningdim-fabric/.gradle/loom-cache/remapped_mods/net_fabricmc_yarn_1_18_2_1_18_2_build_4_v2/net/fabricmc/fabric-api/fabric-gametest-api-v1/1.0.21+91b7aa6660/fabric-gametest-api-v1-1.0.21+91b7aa6660.jar:/home/red/Games/personal modding projects/miningdim-fabric/.gradle/loom-cache/remapped_mods/net_fabricmc_yarn_1_18_2_1_18_2_build_4_v2/net/fabricmc/fabric-api/fabric-item-api-v1/1.6.2+8165403660/fabric-item-api-v1-1.6.2+8165403660.jar:/home/red/Games/personal modding projects/miningdim-fabric/.gradle/loom-cache/remapped_mods/net_fabricmc_yarn_1_18_2_1_18_2_build_4_v2/net/fabricmc/fabric-api/fabric-item-groups-v0/0.3.16+91896a4960/fabric-item-groups-v0-0.3.16+91896a4960.jar:/home/red/Games/personal modding projects/miningdim-fabric/.gradle/loom-cache/remapped_mods/net_fabricmc_yarn_1_18_2_1_18_2_build_4_v2/net/fabricmc/fabric-api/fabric-mining-level-api-v1/2.1.6+cc71601c60/fabric-mining-level-api-v1-2.1.6+cc71601c60.jar:/home/red/Games/personal modding projects/miningdim-fabric/.gradle/loom-cache/remapped_mods/net_fabricmc_yarn_1_18_2_1_18_2_build_4_v2/net/fabricmc/fabric-api/fabric-lifecycle-events-v1/2.1.1+cc71601c60/fabric-lifecycle-events-v1-2.1.1+cc71601c60.jar:/home/red/Games/personal modding projects/miningdim-fabric/.gradle/loom-cache/remapped_mods/net_fabricmc_yarn_1_18_2_1_18_2_build_4_v2/net/fabricmc/fabric-api/fabric-loot-tables-v1/1.1.4+e747827960/fabric-loot-tables-v1-1.1.4+e747827960.jar:/home/red/Games/personal modding projects/miningdim-fabric/.gradle/loom-cache/remapped_mods/net_fabricmc_yarn_1_18_2_1_18_2_build_4_v2/net/fabricmc/fabric-api/fabric-loot-api-v2/1.1.2+1997ad1260/fabric-loot-api-v2-1.1.2+1997ad1260.jar:/home/red/Games/personal modding projects/miningdim-fabric/.gradle/loom-cache/remapped_mods/net_fabricmc_yarn_1_18_2_1_18_2_build_4_v2/net/fabricmc/fabric-api/fabric-models-v0/0.3.7+d7c144a860/fabric-models-v0-0.3.7+d7c144a860.jar:/home/red/Games/personal modding projects/miningdim-fabric/.gradle/loom-cache/remapped_mods/net_fabricmc_yarn_1_18_2_1_18_2_build_4_v2/net/fabricmc/fabric-api/fabric-networking-v0/0.3.11+b4f4f6cd60/fabric-networking-v0-0.3.11+b4f4f6cd60.jar:/home/red/Games/personal modding projects/miningdim-fabric/.gradle/loom-cache/remapped_mods/net_fabricmc_yarn_1_18_2_1_18_2_build_4_v2/net/fabricmc/fabric-api/fabric-registry-sync-v0/0.9.12+bb2e047760/fabric-registry-sync-v0-0.9.12+bb2e047760.jar:/home/red/Games/personal modding projects/miningdim-fabric/.gradle/loom-cache/remapped_mods/net_fabricmc_yarn_1_18_2_1_18_2_build_4_v2/net/fabricmc/fabric-api/fabric-screen-handler-api-v1/1.2.3+1f6558e860/fabric-screen-handler-api-v1-1.2.3+1f6558e860.jar:/home/red/Games/personal modding projects/miningdim-fabric/.gradle/loom-cache/remapped_mods/net_fabricmc_yarn_1_18_2_1_18_2_build_4_v2/net/fabricmc/fabric-api/fabric-networking-api-v1/1.0.24+2d30af4b60/fabric-networking-api-v1-1.0.24+2d30af4b60.jar:/home/red/Games/personal modding projects/miningdim-fabric/.gradle/loom-cache/remapped_mods/net_fabricmc_yarn_1_18_2_1_18_2_build_4_v2/net/fabricmc/fabric-api/fabric-object-builder-api-v1/2.1.5+032c981d60/fabric-object-builder-api-v1-2.1.5+032c981d60.jar:/home/red/Games/personal modding projects/miningdim-fabric/.gradle/loom-cache/remapped_mods/net_fabricmc_yarn_1_18_2_1_18_2_build_4_v2/net/fabricmc/fabric-api/fabric-particles-v1/0.2.13+526dc1ac60/fabric-particles-v1-0.2.13+526dc1ac60.jar:/home/red/Games/personal modding projects/miningdim-fabric/.gradle/loom-cache/remapped_mods/net_fabricmc_yarn_1_18_2_1_18_2_build_4_v2/net/fabricmc/fabric-api/fabric-renderer-indigo/0.6.1+03e2b68760/fabric-renderer-indigo-0.6.1+03e2b68760.jar:/home/red/Games/personal modding projects/miningdim-fabric/.gradle/loom-cache/remapped_mods/net_fabricmc_yarn_1_18_2_1_18_2_build_4_v2/net/fabricmc/fabric-api/fabric-renderer-api-v1/0.5.0+bf48649860/fabric-renderer-api-v1-0.5.0+bf48649860.jar:/home/red/Games/personal modding projects/miningdim-fabric/.gradle/loom-cache/remapped_mods/net_fabricmc_yarn_1_18_2_1_18_2_build_4_v2/net/fabricmc/fabric-api/fabric-renderer-registries-v1/3.2.13+b4f4f6cd60/fabric-renderer-registries-v1-3.2.13+b4f4f6cd60.jar:/home/red/Games/personal modding projects/miningdim-fabric/.gradle/loom-cache/remapped_mods/net_fabricmc_yarn_1_18_2_1_18_2_build_4_v2/net/fabricmc/fabric-api/fabric-rendering-data-attachment-v1/0.3.9+ee3621fc60/fabric-rendering-data-attachment-v1-0.3.9+ee3621fc60.jar:/home/red/Games/personal modding projects/miningdim-fabric/.gradle/loom-cache/remapped_mods/net_fabricmc_yarn_1_18_2_1_18_2_build_4_v2/net/fabricmc/fabric-api/fabric-rendering-fluids-v1/2.0.3+54e5b2ec60/fabric-rendering-fluids-v1-2.0.3+54e5b2ec60.jar:/home/red/Games/personal modding projects/miningdim-fabric/.gradle/loom-cache/remapped_mods/net_fabricmc_yarn_1_18_2_1_18_2_build_4_v2/net/fabricmc/fabric-api/fabric-rendering-v0/1.1.15+b4f4f6cd60/fabric-rendering-v0-1.1.15+b4f4f6cd60.jar:/home/red/Games/personal modding projects/miningdim-fabric/.gradle/loom-cache/remapped_mods/net_fabricmc_yarn_1_18_2_1_18_2_build_4_v2/net/fabricmc/fabric-api/fabric-rendering-v1/1.11.0+b7f3cf3460/fabric-rendering-v1-1.11.0+b7f3cf3460.jar:/home/red/Games/personal modding projects/miningdim-fabric/.gradle/loom-cache/remapped_mods/net_fabricmc_yarn_1_18_2_1_18_2_build_4_v2/net/fabricmc/fabric-api/fabric-screen-api-v1/1.0.11+d882b91560/fabric-screen-api-v1-1.0.11+d882b91560.jar:/home/red/Games/personal modding projects/miningdim-fabric/.gradle/loom-cache/remapped_mods/net_fabricmc_yarn_1_18_2_1_18_2_build_4_v2/net/fabricmc/fabric-api/fabric-textures-v0/1.0.13+3ac43d9560/fabric-textures-v0-1.0.13+3ac43d9560.jar:/home/red/Games/personal modding projects/miningdim-fabric/.gradle/loom-cache/remapped_mods/net_fabricmc_yarn_1_18_2_1_18_2_build_4_v2/net/fabricmc/fabric-api/fabric-api-base/0.4.5+64b7c69360/fabric-api-base-0.4.5+64b7c69360.jar:/home/red/Games/personal modding projects/miningdim-fabric/.gradle/loom-cache/remapped_mods/net_fabricmc_yarn_1_18_2_1_18_2_build_4_v2/net/fabricmc/fabric-api/fabric-biome-api-v1/8.0.7+e83becad60/fabric-biome-api-v1-8.0.7+e83becad60.jar:/home/red/Games/personal modding projects/miningdim-fabric/.gradle/loom-cache/remapped_mods/net_fabricmc_yarn_1_18_2_1_18_2_build_4_v2/net/fabricmc/fabric-api/fabric-block-api-v1/1.0.0+ee3621fc60/fabric-block-api-v1-1.0.0+ee3621fc60.jar:/home/red/Games/personal modding projects/miningdim-fabric/.gradle/loom-cache/remapped_mods/net_fabricmc_yarn_1_18_2_1_18_2_build_4_v2/net/fabricmc/fabric-api/fabric-crash-report-info-v1/0.2.1+ee261a3e60/fabric-crash-report-info-v1-0.2.1+ee261a3e60.jar:/home/red/Games/personal modding projects/miningdim-fabric/.gradle/loom-cache/remapped_mods/net_fabricmc_yarn_1_18_2_1_18_2_build_4_v2/net/fabricmc/fabric-api/fabric-game-rule-api-v1/1.0.13+d7c144a860/fabric-game-rule-api-v1-1.0.13+d7c144a860.jar:/home/red/Games/personal modding projects/miningdim-fabric/.gradle/loom-cache/remapped_mods/net_fabricmc_yarn_1_18_2_1_18_2_build_4_v2/net/fabricmc/fabric-api/fabric-keybindings-v0/0.2.10+b4f4f6cd60/fabric-keybindings-v0-0.2.10+b4f4f6cd60.jar:/home/red/Games/personal modding projects/miningdim-fabric/.gradle/loom-cache/remapped_mods/net_fabricmc_yarn_1_18_2_1_18_2_build_4_v2/net/fabricmc/fabric-api/fabric-key-binding-api-v1/1.0.12+54e5b2ec60/fabric-key-binding-api-v1-1.0.12+54e5b2ec60.jar:/home/red/Games/personal modding projects/miningdim-fabric/.gradle/loom-cache/remapped_mods/net_fabricmc_yarn_1_18_2_1_18_2_build_4_v2/net/fabricmc/fabric-api/fabric-resource-conditions-api-v1/2.0.3+91b7aa6660/fabric-resource-conditions-api-v1-2.0.3+91b7aa6660.jar:/home/red/Games/personal modding projects/miningdim-fabric/.gradle/loom-cache/remapped_mods/net_fabricmc_yarn_1_18_2_1_18_2_build_4_v2/net/fabricmc/fabric-api/fabric-resource-loader-v0/0.5.3+047a5ecb60/fabric-resource-loader-v0-0.5.3+047a5ecb60.jar:/home/red/Games/personal modding projects/miningdim-fabric/.gradle/loom-cache/remapped_mods/net_fabricmc_yarn_1_18_2_1_18_2_build_4_v2/net/fabricmc/fabric-api/fabric-transitive-access-wideners-v1/1.1.0+e747827960/fabric-transitive-access-wideners-v1-1.1.0+e747827960.jar:/home/red/.gradle/caches/modules-2/files-2.1/org.jline/jline-reader/3.12.1/4382ab1382c7b6f379377ed5f665dc2f6e1218bc/jline-reader-3.12.1.jar:/home/red/.gradle/caches/modules-2/files-2.1/com.google.guava/listenablefuture/9999.0-empty-to-avoid-conflict-with-guava/b421526c5f297295adef1c886e5246c39d4ac629/listenablefuture-9999.0-empty-to-avoid-conflict-with-guava.jar:/home/red/.gradle/caches/modules-2/files-2.1/com.google.code.findbugs/jsr305/3.0.2/25ea2e8b0c338a877313bd4672d3fe056ea78f0d/jsr305-3.0.2.jar:/home/red/.gradle/caches/modules-2/files-2.1/org.checkerframework/checker-qual/3.12.0/d5692f0526415fcc6de94bb5bfbd3afd9dd3b3e5/checker-qual-3.12.0.jar:/home/red/.gradle/caches/modules-2/files-2.1/com.google.errorprone/error_prone_annotations/2.7.1/458d9042f7aa6fa9a634df902b37f544e15aacac/error_prone_annotations-2.7.1.jar:/home/red/.gradle/caches/modules-2/files-2.1/com.google.j2objc/j2objc-annotations/1.3/ba035118bc8bac37d7eff77700720999acd9986d/j2objc-annotations-1.3.jar:/home/red/.gradle/caches/modules-2/files-2.1/org.jline/jline-terminal/3.12.1/c777448314e050d980a6b697c140f3bfe9eb7416/jline-terminal-3.12.1.jar)
	at com.sun.jna.NativeLibrary.loadLibrary(NativeLibrary.java:301) ~[jna-5.10.0.jar:?]
	at com.sun.jna.NativeLibrary.getInstance(NativeLibrary.java:461) ~[jna-5.10.0.jar:?]
	at com.sun.jna.NativeLibrary.getInstance(NativeLibrary.java:403) ~[jna-5.10.0.jar:?]
	at com.mojang.text2speech.NarratorLinux.<clinit>(NarratorLinux.java:18) [text2speech-1.12.4.jar:?]
	at com.mojang.text2speech.Narrator.getNarrator(Narrator.java:21) [text2speech-1.12.4.jar:?]
	at net.minecraft.client.util.NarratorManager.<init>(NarratorManager.java:26) [minecraft-project-@-merged-named.jar:?]
	at net.minecraft.client.util.NarratorManager.<clinit>(NarratorManager.java:24) [minecraft-project-@-merged-named.jar:?]
	at net.minecraft.client.gui.hud.InGameHud.<init>(InGameHud.java:165) [minecraft-project-@-merged-named.jar:?]
	at net.minecraft.client.MinecraftClient.<init>(MinecraftClient.java:593) [minecraft-project-@-merged-named.jar:?]
	at net.minecraft.client.main.Main.main(Main.java:197) [minecraft-project-@-merged-named.jar:?]
	at net.fabricmc.loader.impl.game.minecraft.MinecraftGameProvider.launch(MinecraftGameProvider.java:470) [fabric-loader-0.15.11.jar:?]
	at net.fabricmc.loader.impl.launch.knot.Knot.launch(Knot.java:74) [fabric-loader-0.15.11.jar:?]
	at net.fabricmc.loader.impl.launch.knot.KnotClient.main(KnotClient.java:23) [fabric-loader-0.15.11.jar:?]
	at net.fabricmc.devlaunchinjector.Main.main(Main.java:86) [dev-launch-injector-0.2.1+build.8.jar:?]
	Suppressed: java.lang.UnsatisfiedLinkError: libflite.so.1: cannot open shared object file: No such file or directory
		at com.sun.jna.Native.open(Native Method) ~[jna-5.10.0.jar:?]
		at com.sun.jna.NativeLibrary.loadLibrary(NativeLibrary.java:191) ~[jna-5.10.0.jar:?]
		at com.sun.jna.NativeLibrary.getInstance(NativeLibrary.java:461) ~[jna-5.10.0.jar:?]
		at com.sun.jna.NativeLibrary.getInstance(NativeLibrary.java:403) ~[jna-5.10.0.jar:?]
		at com.mojang.text2speech.NarratorLinux.<clinit>(NarratorLinux.java:18) [text2speech-1.12.4.jar:?]
		at com.mojang.text2speech.Narrator.getNarrator(Narrator.java:21) [text2speech-1.12.4.jar:?]
		at net.minecraft.client.util.NarratorManager.<init>(NarratorManager.java:26) [minecraft-project-@-merged-named.jar:?]
		at net.minecraft.client.util.NarratorManager.<clinit>(NarratorManager.java:24) [minecraft-project-@-merged-named.jar:?]
		at net.minecraft.client.gui.hud.InGameHud.<init>(InGameHud.java:165) [minecraft-project-@-merged-named.jar:?]
		at net.minecraft.client.MinecraftClient.<init>(MinecraftClient.java:593) [minecraft-project-@-merged-named.jar:?]
		at net.minecraft.client.main.Main.main(Main.java:197) [minecraft-project-@-merged-named.jar:?]
		at net.fabricmc.loader.impl.game.minecraft.MinecraftGameProvider.launch(MinecraftGameProvider.java:470) [fabric-loader-0.15.11.jar:?]
		at net.fabricmc.loader.impl.launch.knot.Knot.launch(Knot.java:74) [fabric-loader-0.15.11.jar:?]
		at net.fabricmc.loader.impl.launch.knot.KnotClient.main(KnotClient.java:23) [fabric-loader-0.15.11.jar:?]
		at net.fabricmc.devlaunchinjector.Main.main(Main.java:86) [dev-launch-injector-0.2.1+build.8.jar:?]
	Suppressed: java.lang.UnsatisfiedLinkError: libflite.so.1: cannot open shared object file: No such file or directory
		at com.sun.jna.Native.open(Native Method) ~[jna-5.10.0.jar:?]
		at com.sun.jna.NativeLibrary.loadLibrary(NativeLibrary.java:204) ~[jna-5.10.0.jar:?]
		at com.sun.jna.NativeLibrary.getInstance(NativeLibrary.java:461) ~[jna-5.10.0.jar:?]
		at com.sun.jna.NativeLibrary.getInstance(NativeLibrary.java:403) ~[jna-5.10.0.jar:?]
		at com.mojang.text2speech.NarratorLinux.<clinit>(NarratorLinux.java:18) [text2speech-1.12.4.jar:?]
		at com.mojang.text2speech.Narrator.getNarrator(Narrator.java:21) [text2speech-1.12.4.jar:?]
		at net.minecraft.client.util.NarratorManager.<init>(NarratorManager.java:26) [minecraft-project-@-merged-named.jar:?]
		at net.minecraft.client.util.NarratorManager.<clinit>(NarratorManager.java:24) [minecraft-project-@-merged-named.jar:?]
		at net.minecraft.client.gui.hud.InGameHud.<init>(InGameHud.java:165) [minecraft-project-@-merged-named.jar:?]
		at net.minecraft.client.MinecraftClient.<init>(MinecraftClient.java:593) [minecraft-project-@-merged-named.jar:?]
		at net.minecraft.client.main.Main.main(Main.java:197) [minecraft-project-@-merged-named.jar:?]
		at net.fabricmc.loader.impl.game.minecraft.MinecraftGameProvider.launch(MinecraftGameProvider.java:470) [fabric-loader-0.15.11.jar:?]
		at net.fabricmc.loader.impl.launch.knot.Knot.launch(Knot.java:74) [fabric-loader-0.15.11.jar:?]
		at net.fabricmc.loader.impl.launch.knot.KnotClient.main(KnotClient.java:23) [fabric-loader-0.15.11.jar:?]
		at net.fabricmc.devlaunchinjector.Main.main(Main.java:86) [dev-launch-injector-0.2.1+build.8.jar:?]
	Suppressed: java.io.IOException: Native library (linux-x86-64/libfliteWrapper.so) not found in resource path (/home/red/Games/personal modding projects/miningdim-fabric/build/classes/java/main:/home/red/Games/personal modding projects/miningdim-fabric/build/resources/main:/home/red/.gradle/caches/fabric-loom/1.18.2/net.fabricmc.yarn.1_18_2.1.18.2+build.4-v2/mappings.jar:/home/red/.gradle/caches/modules-2/files-2.1/org.ow2.asm/asm/9.6/aa205cf0a06dbd8e04ece91c0b37c3f5d567546a/asm-9.6.jar:/home/red/.gradle/caches/modules-2/files-2.1/org.ow2.asm/asm-analysis/9.6/9ce6c7b174bd997fc2552dff47964546bd7a5ec3/asm-analysis-9.6.jar:/home/red/.gradle/caches/modules-2/files-2.1/org.ow2.asm/asm-commons/9.6/f1a9e5508eff490744144565c47326c8648be309/asm-commons-9.6.jar:/home/red/.gradle/caches/modules-2/files-2.1/org.ow2.asm/asm-tree/9.6/c0cdda9d211e965d2a4448aa3fd86110f2f8c2de/asm-tree-9.6.jar:/home/red/.gradle/caches/modules-2/files-2.1/org.ow2.asm/asm-util/9.6/f77caf84eb93786a749b2baa40865b9613e3eaee/asm-util-9.6.jar:/home/red/.gradle/caches/modules-2/files-2.1/net.fabricmc/sponge-mixin/0.13.3+mixin.0.8.5/9527e6b0d2449408958fd1302594dc65ec5ade9c/sponge-mixin-0.13.3+mixin.0.8.5.jar:/home/red/.gradle/caches/modules-2/files-2.1/net.fabricmc/dev-launch-injector/0.2.1+build.8/da8bef7e6e2f952da707f282bdb46882a0fce5e3/dev-launch-injector-0.2.1+build.8.jar:/home/red/.gradle/caches/modules-2/files-2.1/net.minecrell/terminalconsoleappender/1.2.0/96d02cd3b384ff015a8fef4223bcb4ccf1717c95/terminalconsoleappender-1.2.0.jar:/home/red/.gradle/caches/modules-2/files-2.1/com.mojang/patchy/2.2.10/da05971b07cbb379d002cf7eaec6a2048211fefc/patchy-2.2.10.jar:/home/red/.gradle/caches/modules-2/files-2.1/com.mojang/blocklist/1.0.10/5c685c5ffa94c4cd39496c7184c1d122e515ecef/blocklist-1.0.10.jar:/home/red/.gradle/caches/modules-2/files-2.1/com.ibm.icu/icu4j/70.1/dfa3a1fbc55bf5db8c6e79fc0935ac7ab1202950/icu4j-70.1.jar:/home/red/.gradle/caches/modules-2/files-2.1/org.apache.httpcomponents/httpclient/4.5.13/e5f6cae5ca7ecaac1ec2827a9e2d65ae2869cada/httpclient-4.5.13.jar:/home/red/.gradle/caches/modules-2/files-2.1/commons-codec/commons-codec/1.15/49d94806b6e3dc933dacbd8acb0fdbab8ebd1e5d/commons-codec-1.15.jar:/home/red/.gradle/caches/modules-2/files-2.1/org.apache.commons/commons-compress/1.21/4ec95b60d4e86b5c95a0e919cb172a0af98011ef/commons-compress-1.21.jar:/home/red/.gradle/caches/modules-2/files-2.1/commons-logging/commons-logging/1.2/4bfc12adfe4842bf07b657f0369c4cb522955686/commons-logging-1.2.jar:/home/red/.gradle/caches/modules-2/files-2.1/org.apache.httpcomponents/httpcore/4.4.14/9dd1a631c082d92ecd4bd8fd4cf55026c720a8c1/httpcore-4.4.14.jar:/home/red/.gradle/caches/modules-2/files-2.1/org.lwjgl/lwjgl-jemalloc/3.2.2/ee8e57a79300f78294576d87c4a587f8c99402e2/lwjgl-jemalloc-3.2.2.jar:/home/red/.gradle/caches/modules-2/files-2.1/org.lwjgl/lwjgl-openal/3.2.2/2b772a102b0a11ee5f2109a5b136f4dc7c630827/lwjgl-openal-3.2.2.jar:/home/red/.gradle/caches/modules-2/files-2.1/org.lwjgl/lwjgl-opengl/3.2.2/6ac5bb88b44c43ea195a570aab059f63da004cd8/lwjgl-opengl-3.2.2.jar:/home/red/.gradle/caches/modules-2/files-2.1/org.lwjgl/lwjgl-glfw/3.2.2/d3ad4df38e400b8afba1de63f84338809399df5b/lwjgl-glfw-3.2.2.jar:/home/red/.gradle/caches/modules-2/files-2.1/org.lwjgl/lwjgl-stb/3.2.2/3b8e6ebc5851dd3d17e37e5cadce2eff2a429f0f/lwjgl-stb-3.2.2.jar:/home/red/.gradle/caches/modules-2/files-2.1/org.lwjgl/lwjgl-tinyfd/3.2.2/fcbe606c8f8da6f8f9a05e2c540eb1ee8632b0e9/lwjgl-tinyfd-3.2.2.jar:/home/red/.gradle/caches/modules-2/files-2.1/org.lwjgl/lwjgl/3.2.2/8ad6294407e15780b43e84929c40e4c5e997972e/lwjgl-3.2.2.jar:/home/red/.gradle/caches/modules-2/files-2.1/com.mojang/text2speech/1.12.4/1f618f522dbdd93218c270bcfd8f8dd84be31717/text2speech-1.12.4.jar:/home/red/Games/personal modding projects/miningdim-fabric/.gradle/loom-cache/1.18.2/net.fabricmc.yarn.1_18_2.1.18.2+build.4-v2/minecraft-project-@-merged-named.jar:/home/red/.gradle/caches/modules-2/files-2.1/com.mojang/logging/1.0.0/f6ca3b2eee0b80b384e8ed93d368faecb82dfb9b/logging-1.0.0.jar:/home/red/.gradle/caches/modules-2/files-2.1/com.github.oshi/oshi-core/5.8.5/1d0ec654d820741327f5a9229d513732a4b7ce50/oshi-core-5.8.5.jar:/home/red/.gradle/caches/modules-2/files-2.1/net.java.dev.jna/jna-platform/5.10.0/fbed7d9669dba47714ad0d4f4454290a997aee69/jna-platform-5.10.0.jar:/home/red/.gradle/caches/modules-2/files-2.1/ca.weblite/java-objc-bridge/1.0.0/6ef160c3133a78de015830860197602ca1c855d3/java-objc-bridge-1.0.0.jar:/home/red/.gradle/caches/modules-2/files-2.1/net.java.dev.jna/jna/5.10.0/7cf4c87dd802db50721db66947aa237d7ad09418/jna-5.10.0.jar:/home/red/.gradle/caches/modules-2/files-2.1/org.apache.logging.log4j/log4j-slf4j18-impl/2.17.0/bd7f6c0b9224dd214afb4e684957e2349b529a8d/log4j-slf4j18-impl-2.17.0.jar:/home/red/.gradle/caches/modules-2/files-2.1/com.mojang/datafixerupper/4.1.27/a02c43824ce57c3f7a7d7e744f0d99a040398b5/datafixerupper-4.1.27.jar:/home/red/.gradle/caches/modules-2/files-2.1/com.mojang/authlib/3.3.39/289405e70c0917eaeac017f7fba9adb4427baa36/authlib-3.3.39.jar:/home/red/.gradle/caches/modules-2/files-2.1/org.slf4j/slf4j-api/1.8.0-beta4/83b0359d847ee053d745be7ec0d8e9e8a44304b4/slf4j-api-1.8.0-beta4.jar:/home/red/.gradle/caches/modules-2/files-2.1/com.mojang/javabridge/1.2.24/c876796229b2ef5120f186eab5acc870699d3b9/javabridge-1.2.24.jar:/home/red/.gradle/caches/modules-2/files-2.1/net.sf.jopt-simple/jopt-simple/5.0.4/4fdac2fbe92dfad86aa6e9301736f6b4342a3f5c/jopt-simple-5.0.4.jar:/home/red/.gradle/caches/modules-2/files-2.1/io.netty/netty-all/4.1.68.Final/b8266a3c93c1c051109f71d3449e5dcd5d60b333/netty-all-4.1.68.Final.jar:/home/red/.gradle/caches/modules-2/files-2.1/com.google.guava/guava/31.0.1-jre/119ea2b2bc205b138974d351777b20f02b92704b/guava-31.0.1-jre.jar:/home/red/.gradle/caches/modules-2/files-2.1/com.google.guava/failureaccess/1.0.1/1dcf1de382a0bf95a3d8b0849546c88bac1292c9/failureaccess-1.0.1.jar:/home/red/.gradle/caches/modules-2/files-2.1/org.apache.commons/commons-lang3/3.12.0/c6842c86792ff03b9f1d1fe2aab8dc23aa6c6f0e/commons-lang3-3.12.0.jar:/home/red/.gradle/caches/modules-2/files-2.1/commons-io/commons-io/2.11.0/a2503f302b11ebde7ebc3df41daebe0e4eea3689/commons-io-2.11.0.jar:/home/red/.gradle/caches/modules-2/files-2.1/com.mojang/brigadier/1.0.18/c1ef1234282716483c92183f49bef47b1a89bfa9/brigadier-1.0.18.jar:/home/red/.gradle/caches/modules-2/files-2.1/com.google.code.gson/gson/2.8.9/8a432c1d6825781e21a02db2e2c33c5fde2833b9/gson-2.8.9.jar:/home/red/.gradle/caches/modules-2/files-2.1/it.unimi.dsi/fastutil/8.5.6/76f95700418a68fbc4ac050525261f05dc681ca1/fastutil-8.5.6.jar:/home/red/.gradle/caches/modules-2/files-2.1/org.apache.logging.log4j/log4j-core/2.17.0/fe6e7a32c1228884b9691a744f953a55d0dd8ead/log4j-core-2.17.0.jar:/home/red/.gradle/caches/modules-2/files-2.1/org.apache.logging.log4j/log4j-api/2.17.0/bbd791e9c8c9421e45337c4fe0a10851c086e36c/log4j-api-2.17.0.jar:/home/red/Games/personal modding projects/miningdim-fabric/.gradle/loom-cache/remapped_mods/net_fabricmc_yarn_1_18_2_1_18_2_build_4_v2/net/fabricmc/fabric-loader/0.15.11/fabric-loader-0.15.11.jar:/home/red/Games/personal modding projects/miningdim-fabric/.gradle/loom-cache/remapped_mods/net_fabricmc_yarn_1_18_2_1_18_2_build_4_v2/net/fabricmc/fabric-api/fabric-api/0.77.0+1.18.2/fabric-api-0.77.0+1.18.2.jar:/home/red/Games/personal modding projects/miningdim-fabric/.gradle/loom-cache/remapped_mods/net_fabricmc_yarn_1_18_2_1_18_2_build_4_v2/net/fabricmc/fabric-api/fabric-transfer-api-v1/1.6.4+f4563ac860/fabric-transfer-api-v1-1.6.4+f4563ac860.jar:/home/red/Games/personal modding projects/miningdim-fabric/.gradle/loom-cache/remapped_mods/net_fabricmc_yarn_1_18_2_1_18_2_build_4_v2/net/fabricmc/fabric-api/fabric-api-lookup-api-v1/1.6.3+2373a54560/fabric-api-lookup-api-v1-1.6.3+2373a54560.jar:/home/red/Games/personal modding projects/miningdim-fabric/.gradle/loom-cache/remapped_mods/net_fabricmc_yarn_1_18_2_1_18_2_build_4_v2/net/fabricmc/fabric-api/fabric-blockrenderlayer-v1/1.1.13+3ac43d9560/fabric-blockrenderlayer-v1-1.1.13+3ac43d9560.jar:/home/red/Games/personal modding projects/miningdim-fabric/.gradle/loom-cache/remapped_mods/net_fabricmc_yarn_1_18_2_1_18_2_build_4_v2/net/fabricmc/fabric-api/fabric-commands-v0/0.2.9+b4f4f6cd60/fabric-commands-v0-0.2.9+b4f4f6cd60.jar:/home/red/Games/personal modding projects/miningdim-fabric/.gradle/loom-cache/remapped_mods/net_fabricmc_yarn_1_18_2_1_18_2_build_4_v2/net/fabricmc/fabric-api/fabric-command-api-v1/1.1.10+d7c144a860/fabric-command-api-v1-1.1.10+d7c144a860.jar:/home/red/Games/personal modding projects/miningdim-fabric/.gradle/loom-cache/remapped_mods/net_fabricmc_yarn_1_18_2_1_18_2_build_4_v2/net/fabricmc/fabric-api/fabric-containers-v0/0.1.24+d7c144a860/fabric-containers-v0-0.1.24+d7c144a860.jar:/home/red/Games/personal modding projects/miningdim-fabric/.gradle/loom-cache/remapped_mods/net_fabricmc_yarn_1_18_2_1_18_2_build_4_v2/net/fabricmc/fabric-api/fabric-content-registries-v0/3.1.3+c85f2e3860/fabric-content-registries-v0-3.1.3+c85f2e3860.jar:/home/red/Games/personal modding projects/miningdim-fabric/.gradle/loom-cache/remapped_mods/net_fabricmc_yarn_1_18_2_1_18_2_build_4_v2/net/fabricmc/fabric-api/fabric-convention-tags-v1/1.1.0+43ce63a460/fabric-convention-tags-v1-1.1.0+43ce63a460.jar:/home/red/Games/personal modding projects/miningdim-fabric/.gradle/loom-cache/remapped_mods/net_fabricmc_yarn_1_18_2_1_18_2_build_4_v2/net/fabricmc/fabric-api/fabric-data-generation-api-v1/3.1.0+6c70b68e60/fabric-data-generation-api-v1-3.1.0+6c70b68e60.jar:/home/red/Games/personal modding projects/miningdim-fabric/.gradle/loom-cache/remapped_mods/net_fabricmc_yarn_1_18_2_1_18_2_build_4_v2/net/fabricmc/fabric-api/fabric-dimensions-v1/2.1.21+489d6f8260/fabric-dimensions-v1-2.1.21+489d6f8260.jar:/home/red/Games/personal modding projects/miningdim-fabric/.gradle/loom-cache/remapped_mods/net_fabricmc_yarn_1_18_2_1_18_2_build_4_v2/net/fabricmc/fabric-api/fabric-entity-events-v1/1.4.9+d7c144a860/fabric-entity-events-v1-1.4.9+d7c144a860.jar:/home/red/Games/personal modding projects/miningdim-fabric/.gradle/loom-cache/remapped_mods/net_fabricmc_yarn_1_18_2_1_18_2_build_4_v2/net/fabricmc/fabric-api/fabric-events-interaction-v0/0.4.20+d7c144a860/fabric-events-interaction-v0-0.4.20+d7c144a860.jar:/home/red/Games/personal modding projects/miningdim-fabric/.gradle/loom-cache/remapped_mods/net_fabricmc_yarn_1_18_2_1_18_2_build_4_v2/net/fabricmc/fabric-api/fabric-events-lifecycle-v0/0.2.22+d7c144a860/fabric-events-lifecycle-v0-0.2.22+d7c144a860.jar:/home/red/Games/personal modding projects/miningdim-fabric/.gradle/loom-cache/remapped_mods/net_fabricmc_yarn_1_18_2_1_18_2_build_4_v2/net/fabricmc/fabric-api/fabric-gametest-api-v1/1.0.21+91b7aa6660/fabric-gametest-api-v1-1.0.21+91b7aa6660.jar:/home/red/Games/personal modding projects/miningdim-fabric/.gradle/loom-cache/remapped_mods/net_fabricmc_yarn_1_18_2_1_18_2_build_4_v2/net/fabricmc/fabric-api/fabric-item-api-v1/1.6.2+8165403660/fabric-item-api-v1-1.6.2+8165403660.jar:/home/red/Games/personal modding projects/miningdim-fabric/.gradle/loom-cache/remapped_mods/net_fabricmc_yarn_1_18_2_1_18_2_build_4_v2/net/fabricmc/fabric-api/fabric-item-groups-v0/0.3.16+91896a4960/fabric-item-groups-v0-0.3.16+91896a4960.jar:/home/red/Games/personal modding projects/miningdim-fabric/.gradle/loom-cache/remapped_mods/net_fabricmc_yarn_1_18_2_1_18_2_build_4_v2/net/fabricmc/fabric-api/fabric-mining-level-api-v1/2.1.6+cc71601c60/fabric-mining-level-api-v1-2.1.6+cc71601c60.jar:/home/red/Games/personal modding projects/miningdim-fabric/.gradle/loom-cache/remapped_mods/net_fabricmc_yarn_1_18_2_1_18_2_build_4_v2/net/fabricmc/fabric-api/fabric-lifecycle-events-v1/2.1.1+cc71601c60/fabric-lifecycle-events-v1-2.1.1+cc71601c60.jar:/home/red/Games/personal modding projects/miningdim-fabric/.gradle/loom-cache/remapped_mods/net_fabricmc_yarn_1_18_2_1_18_2_build_4_v2/net/fabricmc/fabric-api/fabric-loot-tables-v1/1.1.4+e747827960/fabric-loot-tables-v1-1.1.4+e747827960.jar:/home/red/Games/personal modding projects/miningdim-fabric/.gradle/loom-cache/remapped_mods/net_fabricmc_yarn_1_18_2_1_18_2_build_4_v2/net/fabricmc/fabric-api/fabric-loot-api-v2/1.1.2+1997ad1260/fabric-loot-api-v2-1.1.2+1997ad1260.jar:/home/red/Games/personal modding projects/miningdim-fabric/.gradle/loom-cache/remapped_mods/net_fabricmc_yarn_1_18_2_1_18_2_build_4_v2/net/fabricmc/fabric-api/fabric-models-v0/0.3.7+d7c144a860/fabric-models-v0-0.3.7+d7c144a860.jar:/home/red/Games/personal modding projects/miningdim-fabric/.gradle/loom-cache/remapped_mods/net_fabricmc_yarn_1_18_2_1_18_2_build_4_v2/net/fabricmc/fabric-api/fabric-networking-v0/0.3.11+b4f4f6cd60/fabric-networking-v0-0.3.11+b4f4f6cd60.jar:/home/red/Games/personal modding projects/miningdim-fabric/.gradle/loom-cache/remapped_mods/net_fabricmc_yarn_1_18_2_1_18_2_build_4_v2/net/fabricmc/fabric-api/fabric-registry-sync-v0/0.9.12+bb2e047760/fabric-registry-sync-v0-0.9.12+bb2e047760.jar:/home/red/Games/personal modding projects/miningdim-fabric/.gradle/loom-cache/remapped_mods/net_fabricmc_yarn_1_18_2_1_18_2_build_4_v2/net/fabricmc/fabric-api/fabric-screen-handler-api-v1/1.2.3+1f6558e860/fabric-screen-handler-api-v1-1.2.3+1f6558e860.jar:/home/red/Games/personal modding projects/miningdim-fabric/.gradle/loom-cache/remapped_mods/net_fabricmc_yarn_1_18_2_1_18_2_build_4_v2/net/fabricmc/fabric-api/fabric-networking-api-v1/1.0.24+2d30af4b60/fabric-networking-api-v1-1.0.24+2d30af4b60.jar:/home/red/Games/personal modding projects/miningdim-fabric/.gradle/loom-cache/remapped_mods/net_fabricmc_yarn_1_18_2_1_18_2_build_4_v2/net/fabricmc/fabric-api/fabric-object-builder-api-v1/2.1.5+032c981d60/fabric-object-builder-api-v1-2.1.5+032c981d60.jar:/home/red/Games/personal modding projects/miningdim-fabric/.gradle/loom-cache/remapped_mods/net_fabricmc_yarn_1_18_2_1_18_2_build_4_v2/net/fabricmc/fabric-api/fabric-particles-v1/0.2.13+526dc1ac60/fabric-particles-v1-0.2.13+526dc1ac60.jar:/home/red/Games/personal modding projects/miningdim-fabric/.gradle/loom-cache/remapped_mods/net_fabricmc_yarn_1_18_2_1_18_2_build_4_v2/net/fabricmc/fabric-api/fabric-renderer-indigo/0.6.1+03e2b68760/fabric-renderer-indigo-0.6.1+03e2b68760.jar:/home/red/Games/personal modding projects/miningdim-fabric/.gradle/loom-cache/remapped_mods/net_fabricmc_yarn_1_18_2_1_18_2_build_4_v2/net/fabricmc/fabric-api/fabric-renderer-api-v1/0.5.0+bf48649860/fabric-renderer-api-v1-0.5.0+bf48649860.jar:/home/red/Games/personal modding projects/miningdim-fabric/.gradle/loom-cache/remapped_mods/net_fabricmc_yarn_1_18_2_1_18_2_build_4_v2/net/fabricmc/fabric-api/fabric-renderer-registries-v1/3.2.13+b4f4f6cd60/fabric-renderer-registries-v1-3.2.13+b4f4f6cd60.jar:/home/red/Games/personal modding projects/miningdim-fabric/.gradle/loom-cache/remapped_mods/net_fabricmc_yarn_1_18_2_1_18_2_build_4_v2/net/fabricmc/fabric-api/fabric-rendering-data-attachment-v1/0.3.9+ee3621fc60/fabric-rendering-data-attachment-v1-0.3.9+ee3621fc60.jar:/home/red/Games/personal modding projects/miningdim-fabric/.gradle/loom-cache/remapped_mods/net_fabricmc_yarn_1_18_2_1_18_2_build_4_v2/net/fabricmc/fabric-api/fabric-rendering-fluids-v1/2.0.3+54e5b2ec60/fabric-rendering-fluids-v1-2.0.3+54e5b2ec60.jar:/home/red/Games/personal modding projects/miningdim-fabric/.gradle/loom-cache/remapped_mods/net_fabricmc_yarn_1_18_2_1_18_2_build_4_v2/net/fabricmc/fabric-api/fabric-rendering-v0/1.1.15+b4f4f6cd60/fabric-rendering-v0-1.1.15+b4f4f6cd60.jar:/home/red/Games/personal modding projects/miningdim-fabric/.gradle/loom-cache/remapped_mods/net_fabricmc_yarn_1_18_2_1_18_2_build_4_v2/net/fabricmc/fabric-api/fabric-rendering-v1/1.11.0+b7f3cf3460/fabric-rendering-v1-1.11.0+b7f3cf3460.jar:/home/red/Games/personal modding projects/miningdim-fabric/.gradle/loom-cache/remapped_mods/net_fabricmc_yarn_1_18_2_1_18_2_build_4_v2/net/fabricmc/fabric-api/fabric-screen-api-v1/1.0.11+d882b91560/fabric-screen-api-v1-1.0.11+d882b91560.jar:/home/red/Games/personal modding projects/miningdim-fabric/.gradle/loom-cache/remapped_mods/net_fabricmc_yarn_1_18_2_1_18_2_build_4_v2/net/fabricmc/fabric-api/fabric-textures-v0/1.0.13+3ac43d9560/fabric-textures-v0-1.0.13+3ac43d9560.jar:/home/red/Games/personal modding projects/miningdim-fabric/.gradle/loom-cache/remapped_mods/net_fabricmc_yarn_1_18_2_1_18_2_build_4_v2/net/fabricmc/fabric-api/fabric-api-base/0.4.5+64b7c69360/fabric-api-base-0.4.5+64b7c69360.jar:/home/red/Games/personal modding projects/miningdim-fabric/.gradle/loom-cache/remapped_mods/net_fabricmc_yarn_1_18_2_1_18_2_build_4_v2/net/fabricmc/fabric-api/fabric-biome-api-v1/8.0.7+e83becad60/fabric-biome-api-v1-8.0.7+e83becad60.jar:/home/red/Games/personal modding projects/miningdim-fabric/.gradle/loom-cache/remapped_mods/net_fabricmc_yarn_1_18_2_1_18_2_build_4_v2/net/fabricmc/fabric-api/fabric-block-api-v1/1.0.0+ee3621fc60/fabric-block-api-v1-1.0.0+ee3621fc60.jar:/home/red/Games/personal modding projects/miningdim-fabric/.gradle/loom-cache/remapped_mods/net_fabricmc_yarn_1_18_2_1_18_2_build_4_v2/net/fabricmc/fabric-api/fabric-crash-report-info-v1/0.2.1+ee261a3e60/fabric-crash-report-info-v1-0.2.1+ee261a3e60.jar:/home/red/Games/personal modding projects/miningdim-fabric/.gradle/loom-cache/remapped_mods/net_fabricmc_yarn_1_18_2_1_18_2_build_4_v2/net/fabricmc/fabric-api/fabric-game-rule-api-v1/1.0.13+d7c144a860/fabric-game-rule-api-v1-1.0.13+d7c144a860.jar:/home/red/Games/personal modding projects/miningdim-fabric/.gradle/loom-cache/remapped_mods/net_fabricmc_yarn_1_18_2_1_18_2_build_4_v2/net/fabricmc/fabric-api/fabric-keybindings-v0/0.2.10+b4f4f6cd60/fabric-keybindings-v0-0.2.10+b4f4f6cd60.jar:/home/red/Games/personal modding projects/miningdim-fabric/.gradle/loom-cache/remapped_mods/net_fabricmc_yarn_1_18_2_1_18_2_build_4_v2/net/fabricmc/fabric-api/fabric-key-binding-api-v1/1.0.12+54e5b2ec60/fabric-key-binding-api-v1-1.0.12+54e5b2ec60.jar:/home/red/Games/personal modding projects/miningdim-fabric/.gradle/loom-cache/remapped_mods/net_fabricmc_yarn_1_18_2_1_18_2_build_4_v2/net/fabricmc/fabric-api/fabric-resource-conditions-api-v1/2.0.3+91b7aa6660/fabric-resource-conditions-api-v1-2.0.3+91b7aa6660.jar:/home/red/Games/personal modding projects/miningdim-fabric/.gradle/loom-cache/remapped_mods/net_fabricmc_yarn_1_18_2_1_18_2_build_4_v2/net/fabricmc/fabric-api/fabric-resource-loader-v0/0.5.3+047a5ecb60/fabric-resource-loader-v0-0.5.3+047a5ecb60.jar:/home/red/Games/personal modding projects/miningdim-fabric/.gradle/loom-cache/remapped_mods/net_fabricmc_yarn_1_18_2_1_18_2_build_4_v2/net/fabricmc/fabric-api/fabric-transitive-access-wideners-v1/1.1.0+e747827960/fabric-transitive-access-wideners-v1-1.1.0+e747827960.jar:/home/red/.gradle/caches/modules-2/files-2.1/org.jline/jline-reader/3.12.1/4382ab1382c7b6f379377ed5f665dc2f6e1218bc/jline-reader-3.12.1.jar:/home/red/.gradle/caches/modules-2/files-2.1/com.google.guava/listenablefuture/9999.0-empty-to-avoid-conflict-with-guava/b421526c5f297295adef1c886e5246c39d4ac629/listenablefuture-9999.0-empty-to-avoid-conflict-with-guava.jar:/home/red/.gradle/caches/modules-2/files-2.1/com.google.code.findbugs/jsr305/3.0.2/25ea2e8b0c338a877313bd4672d3fe056ea78f0d/jsr305-3.0.2.jar:/home/red/.gradle/caches/modules-2/files-2.1/org.checkerframework/checker-qual/3.12.0/d5692f0526415fcc6de94bb5bfbd3afd9dd3b3e5/checker-qual-3.12.0.jar:/home/red/.gradle/caches/modules-2/files-2.1/com.google.errorprone/error_prone_annotations/2.7.1/458d9042f7aa6fa9a634df902b37f544e15aacac/error_prone_annotations-2.7.1.jar:/home/red/.gradle/caches/modules-2/files-2.1/com.google.j2objc/j2objc-annotations/1.3/ba035118bc8bac37d7eff77700720999acd9986d/j2objc-annotations-1.3.jar:/home/red/.gradle/caches/modules-2/files-2.1/org.jline/jline-terminal/3.12.1/c777448314e050d980a6b697c140f3bfe9eb7416/jline-terminal-3.12.1.jar)
		at com.sun.jna.Native.extractFromResourcePath(Native.java:1145) ~[jna-5.10.0.jar:?]
		at com.sun.jna.NativeLibrary.loadLibrary(NativeLibrary.java:275) ~[jna-5.10.0.jar:?]
		at com.sun.jna.NativeLibrary.getInstance(NativeLibrary.java:461) ~[jna-5.10.0.jar:?]
		at com.sun.jna.NativeLibrary.getInstance(NativeLibrary.java:403) ~[jna-5.10.0.jar:?]
		at com.mojang.text2speech.NarratorLinux.<clinit>(NarratorLinux.java:18) [text2speech-1.12.4.jar:?]
		at com.mojang.text2speech.Narrator.getNarrator(Narrator.java:21) [text2speech-1.12.4.jar:?]
		at net.minecraft.client.util.NarratorManager.<init>(NarratorManager.java:26) [minecraft-project-@-merged-named.jar:?]
		at net.minecraft.client.util.NarratorManager.<clinit>(NarratorManager.java:24) [minecraft-project-@-merged-named.jar:?]
		at net.minecraft.client.gui.hud.InGameHud.<init>(InGameHud.java:165) [minecraft-project-@-merged-named.jar:?]
		at net.minecraft.client.MinecraftClient.<init>(MinecraftClient.java:593) [minecraft-project-@-merged-named.jar:?]
		at net.minecraft.client.main.Main.main(Main.java:197) [minecraft-project-@-merged-named.jar:?]
		at net.fabricmc.loader.impl.game.minecraft.MinecraftGameProvider.launch(MinecraftGameProvider.java:470) [fabric-loader-0.15.11.jar:?]
		at net.fabricmc.loader.impl.launch.knot.Knot.launch(Knot.java:74) [fabric-loader-0.15.11.jar:?]
		at net.fabricmc.loader.impl.launch.knot.KnotClient.main(KnotClient.java:23) [fabric-loader-0.15.11.jar:?]
		at net.fabricmc.devlaunchinjector.Main.main(Main.java:86) [dev-launch-injector-0.2.1+build.8.jar:?]
[16:28:12] [Render thread/INFO] (Minecraft) Reloading ResourceManager: Default, Fabric Mods (Fabric Data Generation API (v1), Fabric Lifecycle Events (v1), Fabric Events Interaction (v0), Fabric Resource Conditions API (v1), Fabric Renderer API (v1), Fabric Containers (v0), Fabric Renderer - Indigo, Fabric Command API (v1), Fabric Textures (v0), Fabric Commands (v0), Fabric Screen Handler API (v1), Fabric Resource Loader (v0), Fabric Registry Sync (v0), Fabric Models (v0), Fabric Crash Report Info (v1), Fabric Game Rule API (v1), Fabric Particles (v1), Fabric Key Bindings (v0), Fabric API Base, Fabric Dimensions API (v1), Fabric Rendering (v1), ToolTip Fix, Fabric BlockRenderLayer Registration (v1), Fabric Biome API (v1), Scannable, Fabric Transitive Access Wideners (v1), Fabric Rendering Data Attachment (v1), Fabric Loot API (v2), Fabric Rendering (v0), Forge Config API Port, Energy, Fabric Mining Level API (v1), Fabric Content Registries (v0), Fabric Entity Events (v1), Fabric Rendering Fluids (v1), Fabric Item Groups (v0), Fabric Transfer API (v1), Fabric Networking (v0), Gitdunk's Mining Dimension, Fabric Events Lifecycle (v0), Fabric Convention Tags, Fabric Networking API (v1), Fabric API Lookup API (v1), Fabric Loader, Fabric Loot Tables (v1), Fabric Key Binding API (v1), Fabric Item API (v1), Fabric Renderer Registries (v1), Fabric API, Fabric Game Test API (v1), Fabric Object Builder API (v1), Fabric Screen API (v1))
[16:28:13] [Render thread/INFO] (gitdminingdim) This line is printed by an example mod mixin!
[16:28:13] [Realms Notification Availability checker #1/INFO] (Minecraft) Could not authorize you against Realms server: Invalid session id
[16:28:16] [Render thread/INFO] (Minecraft) OpenAL initialized on device JACK Default
[16:28:16] [Render thread/INFO] (Minecraft) Sound engine started
[16:28:17] [Render thread/INFO] (Minecraft) Created: 1024x1024x4 minecraft:textures/atlas/blocks.png-atlas
[16:28:17] [Render thread/INFO] (Minecraft) Created: 256x128x4 minecraft:textures/atlas/signs.png-atlas
[16:28:17] [Render thread/INFO] (Minecraft) Created: 1024x512x4 minecraft:textures/atlas/banner_patterns.png-atlas
[16:28:17] [Render thread/INFO] (Minecraft) Created: 1024x512x4 minecraft:textures/atlas/shield_patterns.png-atlas
[16:28:17] [Render thread/INFO] (Minecraft) Created: 256x256x4 minecraft:textures/atlas/chest.png-atlas
[16:28:17] [Render thread/INFO] (Minecraft) Created: 512x256x4 minecraft:textures/atlas/beds.png-atlas
[16:28:17] [Render thread/INFO] (Minecraft) Created: 512x256x4 minecraft:textures/atlas/shulker_boxes.png-atlas
[16:28:19] [Render thread/INFO] (Minecraft) Created: 256x256x0 minecraft:textures/atlas/particles.png-atlas
[16:28:19] [Render thread/INFO] (Minecraft) Created: 256x256x0 minecraft:textures/atlas/paintings.png-atlas
[16:28:19] [Render thread/INFO] (Minecraft) Created: 256x128x0 minecraft:textures/atlas/mob_effects.png-atlas
[16:28:19] [Render thread/INFO] (gitdminingdim) This line is printed by an example mod mixin!
[16:28:29] [Render thread/WARN] (ModNioResourcePack) Fabric NioResourcePack: ignored invalid namespace: MiningDim in mod ID gitdminingdim
[16:28:31] [Render thread/WARN] (Minecraft) Ambiguity between arguments [teleport, location] and [teleport, destination] with inputs: [0.1 -0.5 .9, 0 0 0]
[16:28:31] [Render thread/WARN] (Minecraft) Ambiguity between arguments [teleport, location] and [teleport, targets] with inputs: [0.1 -0.5 .9, 0 0 0]
[16:28:31] [Render thread/WARN] (Minecraft) Ambiguity between arguments [teleport, destination] and [teleport, targets] with inputs: [Player, 0123, @e, dd12be42-52a9-4a91-a8a1-11c01849e498]
[16:28:31] [Render thread/WARN] (Minecraft) Ambiguity between arguments [teleport, targets] and [teleport, destination] with inputs: [Player, 0123, dd12be42-52a9-4a91-a8a1-11c01849e498]
[16:28:31] [Render thread/WARN] (Minecraft) Ambiguity between arguments [teleport, targets, location] and [teleport, targets, destination] with inputs: [0.1 -0.5 .9, 0 0 0]
[16:28:32] [Render thread/INFO] (Minecraft) Loaded 7 recipes
[16:28:33] [Render thread/INFO] (Minecraft) Loaded 1151 advancements
[16:29:46] [Render thread/WARN] (ModNioResourcePack) Fabric NioResourcePack: ignored invalid namespace: MiningDim in mod ID gitdminingdim
[16:29:46] [Render thread/WARN] (Minecraft) Ambiguity between arguments [teleport, location] and [teleport, destination] with inputs: [0.1 -0.5 .9, 0 0 0]
[16:29:46] [Render thread/WARN] (Minecraft) Ambiguity between arguments [teleport, location] and [teleport, targets] with inputs: [0.1 -0.5 .9, 0 0 0]
[16:29:46] [Render thread/WARN] (Minecraft) Ambiguity between arguments [teleport, destination] and [teleport, targets] with inputs: [Player, 0123, @e, dd12be42-52a9-4a91-a8a1-11c01849e498]
[16:29:46] [Render thread/WARN] (Minecraft) Ambiguity between arguments [teleport, targets] and [teleport, destination] with inputs: [Player, 0123, dd12be42-52a9-4a91-a8a1-11c01849e498]
[16:29:46] [Render thread/WARN] (Minecraft) Ambiguity between arguments [teleport, targets, location] and [teleport, targets, destination] with inputs: [0.1 -0.5 .9, 0 0 0]
[16:29:46] [Render thread/INFO] (Minecraft) Loaded 7 recipes
[16:29:46] [Render thread/INFO] (Minecraft) Loaded 1151 advancements
[16:29:47] [Render thread/INFO] (Minecraft) Environment: authHost='https://authserver.mojang.com', accountsHost='https://api.mojang.com', sessionHost='https://sessionserver.mojang.com', servicesHost='https://api.minecraftservices.com', name='PROD'
[16:29:47] [Render thread/INFO] (BiomeModificationImpl) Applied 0 biome modifications to 0 of 61 new biomes in 2.093 ms
[16:29:47] [Server thread/INFO] (Minecraft) Starting integrated minecraft server version 1.18.2
[16:29:47] [Server thread/INFO] (Minecraft) Generating keypair
[16:29:47] [Server thread/INFO] (Minecraft) Preparing start region for dimension minecraft:overworld
[16:29:49] [Render thread/INFO] (Minecraft) Preparing spawn area: 0%
[16:29:49] [Render thread/INFO] (Minecraft) Preparing spawn area: 0%
[16:29:49] [Render thread/INFO] (Minecraft) Preparing spawn area: 0%
[16:29:49] [Render thread/INFO] (Minecraft) Preparing spawn area: 0%
[16:29:49] [Render thread/INFO] (Minecraft) Preparing spawn area: 0%
[16:29:50] [Render thread/INFO] (Minecraft) Preparing spawn area: 0%
[16:29:50] [Render thread/INFO] (Minecraft) Preparing spawn area: 2%
[16:29:51] [Render thread/INFO] (Minecraft) Preparing spawn area: 10%
[16:29:51] [Render thread/INFO] (Minecraft) Preparing spawn area: 22%
[16:29:52] [Render thread/INFO] (Minecraft) Preparing spawn area: 44%
[16:29:53] [Render thread/INFO] (Minecraft) Time elapsed: 5429 ms
[16:29:53] [Server thread/INFO] (Minecraft) Changing view distance to 12, from 10
[16:29:53] [Server thread/INFO] (Minecraft) Changing simulation distance to 12, from 0
[16:29:54] [Netty Local Client IO #0/INFO] (NetworkHooks) Connected to a modded server.
[16:29:54] [Server thread/INFO] (Minecraft) Player799[local:E:3ebac746] logged in with entity id 184 at (11.5, 126.86814040604251, 7.5)
[16:29:54] [Server thread/INFO] (Minecraft) Player799 joined the game
[16:29:55] [Render thread/INFO] (Minecraft) Loaded 0 advancements
[16:30:11] [Render thread/INFO] (Minecraft) Loaded 2 advancements
[16:31:08] [Server thread/INFO] (Minecraft) Saving and pausing game...
[16:31:08] [Server thread/INFO] (Minecraft) Saving chunks for level 'ServerLevel[New World]'/minecraft:overworld
[16:31:08] [Server thread/INFO] (Minecraft) Saving chunks for level 'ServerLevel[New World]'/gitdminingdim:gitdmining
[16:31:08] [Server thread/INFO] (Minecraft) Saving chunks for level 'ServerLevel[New World]'/minecraft:the_end
[16:31:08] [Server thread/INFO] (Minecraft) Saving chunks for level 'ServerLevel[New World]'/minecraft:the_nether
[16:31:12] [Server thread/INFO] (Minecraft) Player799 lost connection: Disconnected
[16:31:12] [Server thread/INFO] (Minecraft) Player799 left the game
[16:31:12] [Server thread/INFO] (Minecraft) Stopping singleplayer server as player logged out
[16:31:12] [Server thread/INFO] (Minecraft) Stopping server
[16:31:12] [Server thread/INFO] (Minecraft) Saving players
[16:31:12] [Server thread/INFO] (Minecraft) Saving worlds
[16:31:13] [Server thread/INFO] (Minecraft) Saving chunks for level 'ServerLevel[New World]'/minecraft:overworld
[16:31:14] [Server thread/INFO] (Minecraft) Saving chunks for level 'ServerLevel[New World]'/gitdminingdim:gitdmining
[16:31:14] [Server thread/INFO] (Minecraft) Saving chunks for level 'ServerLevel[New World]'/minecraft:the_end
[16:31:14] [Server thread/INFO] (Minecraft) Saving chunks for level 'ServerLevel[New World]'/minecraft:the_nether
[16:31:14] [Server thread/INFO] (Minecraft) ThreadedAnvilChunkStorage (New World): All chunks are saved
[16:31:14] [Server thread/INFO] (Minecraft) ThreadedAnvilChunkStorage (gitdmining): All chunks are saved
[16:31:14] [Server thread/INFO] (Minecraft) ThreadedAnvilChunkStorage (DIM1): All chunks are saved
[16:31:14] [Server thread/INFO] (Minecraft) ThreadedAnvilChunkStorage (DIM-1): All chunks are saved
[16:31:14] [Server thread/INFO] (Minecraft) ThreadedAnvilChunkStorage: All dimensions are saved
[16:31:15] [Render thread/INFO] (gitdminingdim) This line is printed by an example mod mixin!
[16:31:40] [Render thread/WARN] (ModNioResourcePack) Fabric NioResourcePack: ignored invalid namespace: MiningDim in mod ID gitdminingdim
[16:31:41] [Render thread/WARN] (Minecraft) Ambiguity between arguments [teleport, location] and [teleport, destination] with inputs: [0.1 -0.5 .9, 0 0 0]
[16:31:41] [Render thread/WARN] (Minecraft) Ambiguity between arguments [teleport, location] and [teleport, targets] with inputs: [0.1 -0.5 .9, 0 0 0]
[16:31:41] [Render thread/WARN] (Minecraft) Ambiguity between arguments [teleport, destination] and [teleport, targets] with inputs: [Player, 0123, @e, dd12be42-52a9-4a91-a8a1-11c01849e498]
[16:31:41] [Render thread/WARN] (Minecraft) Ambiguity between arguments [teleport, targets] and [teleport, destination] with inputs: [Player, 0123, dd12be42-52a9-4a91-a8a1-11c01849e498]
[16:31:41] [Render thread/WARN] (Minecraft) Ambiguity between arguments [teleport, targets, location] and [teleport, targets, destination] with inputs: [0.1 -0.5 .9, 0 0 0]
[16:31:41] [Render thread/INFO] (Minecraft) Loaded 7 recipes
[16:31:41] [Render thread/INFO] (Minecraft) Loaded 1151 advancements
[16:31:42] [Render thread/WARN] (ModNioResourcePack) Fabric NioResourcePack: ignored invalid namespace: MiningDim in mod ID gitdminingdim
[16:31:43] [Render thread/WARN] (Minecraft) Ambiguity between arguments [teleport, location] and [teleport, destination] with inputs: [0.1 -0.5 .9, 0 0 0]
[16:31:43] [Render thread/WARN] (Minecraft) Ambiguity between arguments [teleport, location] and [teleport, targets] with inputs: [0.1 -0.5 .9, 0 0 0]
[16:31:43] [Render thread/WARN] (Minecraft) Ambiguity between arguments [teleport, destination] and [teleport, targets] with inputs: [Player, 0123, @e, dd12be42-52a9-4a91-a8a1-11c01849e498]
[16:31:43] [Render thread/WARN] (Minecraft) Ambiguity between arguments [teleport, targets] and [teleport, destination] with inputs: [Player, 0123, dd12be42-52a9-4a91-a8a1-11c01849e498]
[16:31:43] [Render thread/WARN] (Minecraft) Ambiguity between arguments [teleport, targets, location] and [teleport, targets, destination] with inputs: [0.1 -0.5 .9, 0 0 0]
[16:31:43] [Render thread/INFO] (Minecraft) Loaded 7 recipes
[16:31:43] [Render thread/INFO] (Minecraft) Loaded 1151 advancements
[16:31:43] [Render thread/INFO] (Minecraft) Environment: authHost='https://authserver.mojang.com', accountsHost='https://api.mojang.com', sessionHost='https://sessionserver.mojang.com', servicesHost='https://api.minecraftservices.com', name='PROD'
[16:31:43] [Render thread/INFO] (BiomeModificationImpl) Applied 0 biome modifications to 0 of 61 new biomes in 214.4 s
[16:31:43] [Server thread/INFO] (Minecraft) Starting integrated minecraft server version 1.18.2
[16:31:43] [Server thread/INFO] (Minecraft) Generating keypair
[16:31:43] [Server thread/INFO] (Minecraft) Preparing start region for dimension minecraft:overworld
[16:31:44] [Render thread/INFO] (Minecraft) Preparing spawn area: 0%
[16:31:44] [Render thread/INFO] (Minecraft) Preparing spawn area: 0%
[16:31:44] [Render thread/INFO] (Minecraft) Preparing spawn area: 0%
[16:31:45] [Render thread/INFO] (Minecraft) Preparing spawn area: 1%
[16:31:45] [Render thread/INFO] (Minecraft) Preparing spawn area: 20%
[16:31:46] [Render thread/INFO] (Minecraft) Preparing spawn area: 35%
[16:31:46] [Render thread/INFO] (Minecraft) Time elapsed: 2968 ms
[16:31:46] [Server thread/INFO] (Minecraft) Changing view distance to 12, from 10
[16:31:46] [Server thread/INFO] (Minecraft) Changing simulation distance to 12, from 0
[16:31:46] [Netty Local Client IO #1/INFO] (NetworkHooks) Connected to a modded server.
[16:31:46] [Server thread/INFO] (Minecraft) Player799[local:E:f434dd39] logged in with entity id 397 at (12.58174847314337, 125.0, 8.846559961416084)
[16:31:46] [Server thread/INFO] (Minecraft) Player799 joined the game
[16:31:47] [Render thread/INFO] (Minecraft) Loaded 2 advancements
[16:31:57] [Server thread/INFO] (Minecraft) Saving and pausing game...
[16:31:57] [Server thread/INFO] (Minecraft) Saving chunks for level 'ServerLevel[New World]'/minecraft:overworld
[16:31:57] [Server thread/INFO] (Minecraft) Saving chunks for level 'ServerLevel[New World]'/gitdminingdim:gitdmining
[16:31:57] [Server thread/INFO] (Minecraft) Saving chunks for level 'ServerLevel[New World]'/minecraft:the_end
[16:31:57] [Server thread/INFO] (Minecraft) Saving chunks for level 'ServerLevel[New World]'/minecraft:the_nether
[16:31:58] [Server thread/INFO] (Minecraft) Player799 lost connection: Disconnected
[16:31:58] [Server thread/INFO] (Minecraft) Player799 left the game
[16:31:58] [Server thread/INFO] (Minecraft) Stopping singleplayer server as player logged out
[16:31:58] [Server thread/INFO] (Minecraft) Stopping server
[16:31:58] [Server thread/INFO] (Minecraft) Saving players
[16:31:58] [Server thread/INFO] (Minecraft) Saving worlds
[16:32:00] [Server thread/INFO] (Minecraft) Saving chunks for level 'ServerLevel[New World]'/minecraft:overworld
[16:32:00] [Server thread/INFO] (Minecraft) Saving chunks for level 'ServerLevel[New World]'/gitdminingdim:gitdmining
[16:32:01] [Server thread/INFO] (Minecraft) Saving chunks for level 'ServerLevel[New World]'/minecraft:the_end
[16:32:01] [Server thread/INFO] (Minecraft) Saving chunks for level 'ServerLevel[New World]'/minecraft:the_nether
[16:32:01] [Server thread/INFO] (Minecraft) ThreadedAnvilChunkStorage (New World): All chunks are saved
[16:32:01] [Server thread/INFO] (Minecraft) ThreadedAnvilChunkStorage (gitdmining): All chunks are saved
[16:32:01] [Server thread/INFO] (Minecraft) ThreadedAnvilChunkStorage (DIM1): All chunks are saved
[16:32:01] [Server thread/INFO] (Minecraft) ThreadedAnvilChunkStorage (DIM-1): All chunks are saved
[16:32:01] [Server thread/INFO] (Minecraft) ThreadedAnvilChunkStorage: All dimensions are saved
[16:32:01] [Render thread/INFO] (gitdminingdim) This line is printed by an example mod mixin!
[16:32:03] [Render thread/INFO] (Minecraft) Stopping!
